2022-10-20 09:36:54,555 [Worker-5: Loading available Gradle versions] INFO  o.e.b.c.i.u.g.PublishedGradleVersions - Gradle version information cache is not available. Remote download required.
2022-10-20 09:38:02,118 [Worker-10: Deferred Early Start] INFO  o.a.h.c.h.i.c.HttpRequestRetryExec - Recoverable I/O exception (org.apache.hc.core5.http.StreamClosedException) caught when processing request to {tls}->http://proxy-irc.rw.by:3128->https://www.eclipse.org:443
2022-10-20 09:40:25,293 [Worker-2: https://download.oracle.com/otn_software/oepe/12.2.1.10/photon/repository/site.xml] INFO  o.a.h.c.h.i.c.HttpRequestRetryExec - Recoverable I/O exception (org.apache.hc.core5.http.StreamClosedException) caught when processing request to {tls}->http://proxy-irc.rw.by:3128->https://download.oracle.com:443
2022-10-20 09:42:25,034 [Worker-25: https://download.oracle.com/otn_software/oepe/12.2.1.10/photon/repository/site.xml] INFO  o.a.h.c.h.i.c.HttpRequestRetryExec - Recoverable I/O exception (org.apache.hc.core5.http.StreamClosedException) caught when processing request to {tls}->http://proxy-irc.rw.by:3128->https://download.oracle.com:443
2022-10-20 09:44:25,090 [Worker-22: https://download.oracle.com/otn_software/oepe/12.2.1.10/photon/repository/compositeContent.jar] INFO  o.a.h.c.h.i.c.HttpRequestRetryExec - Recoverable I/O exception (org.apache.hc.core5.http.StreamClosedException) caught when processing request to {tls}->http://proxy-irc.rw.by:3128->https://download.oracle.com:443
2022-10-20 09:44:25,095 [Worker-11: https://public.dhe.ibm.com/ibmdl/export/pub/software/websphere/wasdev/updates/libertyAdapter/2020-09/site.xml] INFO  o.a.h.c.h.i.c.HttpRequestRetryExec - Recoverable I/O exception (org.apache.hc.core5.http.StreamClosedException) caught when processing request to {tls}->http://proxy-irc.rw.by:3128->https://public.dhe.ibm.com:443
2022-10-20 09:46:25,031 [Worker-25: https://download.oracle.com/otn_software/oepe/12.2.1.10/photon/repository/compositeContent.xml] INFO  o.a.h.c.h.i.c.HttpRequestRetryExec - Recoverable I/O exception (org.apache.hc.core5.http.StreamClosedException) caught when processing request to {tls}->http://proxy-irc.rw.by:3128->https://download.oracle.com:443
2022-10-20 09:46:25,036 [Worker-22: https://public.dhe.ibm.com/ibmdl/export/pub/software/websphere/wasdev/updates/libertyAdapter/2020-09/site.xml] INFO  o.a.h.c.h.i.c.HttpRequestRetryExec - Recoverable I/O exception (org.apache.hc.core5.http.StreamClosedException) caught when processing request to {tls}->http://proxy-irc.rw.by:3128->https://public.dhe.ibm.com:443
2022-10-20 09:48:25,031 [Worker-26: https://www.caucho.com/eclipse/site.xml] INFO  o.a.h.c.h.i.c.HttpRequestRetryExec - Recoverable I/O exception (org.apache.hc.core5.http.StreamClosedException) caught when processing request to {tls}->http://proxy-irc.rw.by:3128->https://www.caucho.com:443
2022-10-20 09:48:25,031 [Worker-19: https://public.dhe.ibm.com/ibmdl/export/pub/software/websphere/wasdev/updates/libertyAdapter/2020-09/content.jar] INFO  o.a.h.c.h.i.c.HttpRequestRetryExec - Recoverable I/O exception (org.apache.hc.core5.http.StreamClosedException) caught when processing request to {tls}->http://proxy-irc.rw.by:3128->https://public.dhe.ibm.com:443
2022-10-20 09:50:25,446 [Worker-30: https://public.dhe.ibm.com/ibmdl/export/pub/software/websphere/wasdev/updates/libertyAdapter/2020-09/content.xml] INFO  o.a.h.c.h.i.c.HttpRequestRetryExec - Recoverable I/O exception (org.apache.hc.core5.http.StreamClosedException) caught when processing request to {tls}->http://proxy-irc.rw.by:3128->https://public.dhe.ibm.com:443
2022-10-20 09:50:25,446 [Worker-25: https://www.caucho.com/eclipse/site.xml] INFO  o.a.h.c.h.i.c.HttpRequestRetryExec - Recoverable I/O exception (org.apache.hc.core5.http.StreamClosedException) caught when processing request to {tls}->http://proxy-irc.rw.by:3128->https://www.caucho.com:443
2022-10-20 09:52:25,090 [Worker-29: https://www.caucho.com/eclipse/p2.index] INFO  o.a.h.c.h.i.c.HttpRequestRetryExec - Recoverable I/O exception (org.apache.hc.core5.http.StreamClosedException) caught when processing request to {tls}->http://proxy-irc.rw.by:3128->https://www.caucho.com:443
2022-10-20 09:52:25,090 [Worker-22: https://download.eclipse.org/jetty/updates/jetty-wtp/site.xml] INFO  o.a.h.c.h.i.c.HttpRequestRetryExec - Recoverable I/O exception (org.apache.hc.core5.http.StreamClosedException) caught when processing request to {tls}->http://proxy-irc.rw.by:3128->https://download.eclipse.org:443
2022-10-20 09:54:25,014 [Worker-22: https://www.caucho.com/eclipse/p2.index] INFO  o.a.h.c.h.i.c.HttpRequestRetryExec - Recoverable I/O exception (org.apache.hc.core5.http.StreamClosedException) caught when processing request to {tls}->http://proxy-irc.rw.by:3128->https://www.caucho.com:443
2022-10-20 09:54:25,014 [Worker-10: https://download.eclipse.org/jetty/updates/jetty-wtp/site.xml] INFO  o.a.h.c.h.i.c.HttpRequestRetryExec - Recoverable I/O exception (org.apache.hc.core5.http.StreamClosedException) caught when processing request to {tls}->http://proxy-irc.rw.by:3128->https://download.eclipse.org:443
2022-10-20 09:56:25,039 [Worker-33: https://www.caucho.com/eclipse/content.jar] INFO  o.a.h.c.h.i.c.HttpRequestRetryExec - Recoverable I/O exception (org.apache.hc.core5.http.StreamClosedException) caught when processing request to {tls}->http://proxy-irc.rw.by:3128->https://www.caucho.com:443
2022-10-20 09:56:25,039 [Worker-29: https://download.eclipse.org/jetty/updates/jetty-wtp/compositeContent.jar] INFO  o.a.h.c.h.i.c.HttpRequestRetryExec - Recoverable I/O exception (org.apache.hc.core5.http.StreamClosedException) caught when processing request to {tls}->http://proxy-irc.rw.by:3128->https://download.eclipse.org:443
2022-10-20 09:58:25,019 [Worker-36: https://download.eclipse.org/jetty/updates/jetty-wtp/compositeContent.xml] INFO  o.a.h.c.h.i.c.HttpRequestRetryExec - Recoverable I/O exception (org.apache.hc.core5.http.StreamClosedException) caught when processing request to {tls}->http://proxy-irc.rw.by:3128->https://download.eclipse.org:443
2022-10-20 09:58:25,020 [Worker-31: https://www.caucho.com/eclipse/content.xml] INFO  o.a.h.c.h.i.c.HttpRequestRetryExec - Recoverable I/O exception (org.apache.hc.core5.http.StreamClosedException) caught when processing request to {tls}->http://proxy-irc.rw.by:3128->https://www.caucho.com:443
2022-10-20 10:00:26,019 [Worker-22: https://downloads.apache.org/geronimo/eclipse/updates/site.xml] INFO  o.a.h.c.h.i.c.HttpRequestRetryExec - Recoverable I/O exception (org.apache.hc.core5.http.StreamClosedException) caught when processing request to {tls}->http://proxy-irc.rw.by:3128->https://downloads.apache.org:443
2022-10-20 10:04:08,386 [Worker-29: https://sourceforge.net/projects/sapnweclipse/files/updates/site.xml] INFO  o.a.h.c.h.i.c.HttpRequestRetryExec - Recoverable I/O exception (java.net.SocketException) caught when processing request to {tls}->http://proxy-irc.rw.by:3128->https://sourceforge.net:443
2022-10-20 10:04:08,386 [Worker-39: https://downloads.apache.org/geronimo/eclipse/updates/content.jar] INFO  o.a.h.c.h.i.c.HttpRequestRetryExec - Recoverable I/O exception (java.net.SocketException) caught when processing request to {tls}->http://proxy-irc.rw.by:3128->https://downloads.apache.org:443
2022-10-20 10:04:20,585 [Worker-1: Loading available Gradle versions] INFO  o.e.b.c.i.u.g.PublishedGradleVersions - Gradle version information cache is not available. Remote download required.
2022-10-20 10:05:26,123 [Worker-0: Deferred Early Start] INFO  o.a.h.c.h.i.c.HttpRequestRetryExec - Recoverable I/O exception (org.apache.hc.core5.http.StreamClosedException) caught when processing request to {tls}->http://proxy-irc.rw.by:3128->https://www.eclipse.org:443
2022-10-20 10:26:36,010 [Worker-4: Loading available Gradle versions] INFO  o.e.b.c.i.u.g.PublishedGradleVersions - Gradle version information cache is not available. Remote download required.
2022-10-20 10:27:42,022 [Worker-3: Deferred Early Start] INFO  o.a.h.c.h.i.c.HttpRequestRetryExec - Recoverable I/O exception (org.apache.hc.core5.http.StreamClosedException) caught when processing request to {tls}->http://proxy-irc.rw.by:3128->https://www.eclipse.org:443
2022-10-20 11:32:57,542 [Worker-2: Loading available Gradle versions] INFO  o.e.b.c.i.u.g.PublishedGradleVersions - Gradle version information cache is not available. Remote download required.
2022-10-20 11:34:03,036 [Worker-1: Deferred Early Start] INFO  o.a.h.c.h.i.c.HttpRequestRetryExec - Recoverable I/O exception (org.apache.hc.core5.http.StreamClosedException) caught when processing request to {tls}->http://proxy-irc.rw.by:3128->https://www.eclipse.org:443
2022-10-20 11:50:13,568 [Worker-2: Loading available Gradle versions] INFO  o.e.b.c.i.u.g.PublishedGradleVersions - Gradle version information cache is not available. Remote download required.
2022-10-20 11:51:19,012 [Worker-7: Deferred Early Start] INFO  o.a.h.c.h.i.c.HttpRequestRetryExec - Recoverable I/O exception (org.apache.hc.core5.http.StreamClosedException) caught when processing request to {tls}->http://proxy-irc.rw.by:3128->https://www.eclipse.org:443
2022-10-21 08:20:53,807 [Worker-4: Loading available Gradle versions] INFO  o.e.b.c.i.u.g.PublishedGradleVersions - Gradle version information cache is not available. Remote download required.
2022-10-21 08:21:59,733 [Worker-1: Deferred Early Start] INFO  o.a.h.c.h.i.c.HttpRequestRetryExec - Recoverable I/O exception (org.apache.hc.core5.http.StreamClosedException) caught when processing request to {tls}->http://proxy-irc.rw.by:3128->https://www.eclipse.org:443
2022-10-21 14:47:10,326 [Worker-6: Loading available Gradle versions] INFO  o.e.b.c.i.u.g.PublishedGradleVersions - Gradle version information cache is not available. Remote download required.
2022-10-21 14:48:18,093 [Worker-9: Deferred Early Start] INFO  o.a.h.c.h.i.c.HttpRequestRetryExec - Recoverable I/O exception (org.apache.hc.core5.http.StreamClosedException) caught when processing request to {tls}->http://proxy-irc.rw.by:3128->https://www.eclipse.org:443
2022-10-21 14:55:20,508 [Worker-0: Loading available Gradle versions] INFO  o.e.b.c.i.u.g.PublishedGradleVersions - Gradle version information cache is not available. Remote download required.
2022-10-21 14:56:26,079 [Worker-4: Deferred Early Start] INFO  o.a.h.c.h.i.c.HttpRequestRetryExec - Recoverable I/O exception (org.apache.hc.core5.http.StreamClosedException) caught when processing request to {tls}->http://proxy-irc.rw.by:3128->https://www.eclipse.org:443
2022-10-21 15:06:14,161 [Worker-0: Loading available Gradle versions] INFO  o.e.b.c.i.u.g.PublishedGradleVersions - Gradle version information cache is not available. Remote download required.
2022-10-21 15:07:19,239 [Worker-7: Deferred Early Start] INFO  o.a.h.c.h.i.c.HttpRequestRetryExec - Recoverable I/O exception (org.apache.hc.core5.http.StreamClosedException) caught when processing request to {tls}->http://proxy-irc.rw.by:3128->https://www.eclipse.org:443
2022-10-24 09:19:45,305 [Worker-0: Loading available Gradle versions] INFO  o.e.b.c.i.u.g.PublishedGradleVersions - Gradle version information cache is not available. Remote download required.
2022-10-24 09:20:51,073 [Worker-8: Deferred Early Start] INFO  o.a.h.c.h.i.c.HttpRequestRetryExec - Recoverable I/O exception (org.apache.hc.core5.http.StreamClosedException) caught when processing request to {tls}->http://proxy-irc.rw.by:3128->https://www.eclipse.org:443
2022-10-24 09:25:26,241 [Worker-5: Loading available Gradle versions] INFO  o.e.b.c.i.u.g.PublishedGradleVersions - Gradle version information cache is not available. Remote download required.
2022-10-24 09:26:32,114 [Worker-8: Deferred Early Start] INFO  o.a.h.c.h.i.c.HttpRequestRetryExec - Recoverable I/O exception (org.apache.hc.core5.http.StreamClosedException) caught when processing request to {tls}->http://proxy-irc.rw.by:3128->https://www.eclipse.org:443
2022-10-24 11:19:17,982 [Worker-6: Loading available Gradle versions] INFO  o.e.b.c.i.u.g.PublishedGradleVersions - Gradle version information cache is not available. Remote download required.
2022-10-24 11:20:23,016 [Worker-4: Deferred Early Start] INFO  o.a.h.c.h.i.c.HttpRequestRetryExec - Recoverable I/O exception (org.apache.hc.core5.http.StreamClosedException) caught when processing request to {tls}->http://proxy-irc.rw.by:3128->https://www.eclipse.org:443
2022-10-25 08:23:26,189 [Worker-2: Loading available Gradle versions] INFO  o.e.b.c.i.u.g.PublishedGradleVersions - Gradle version information cache is not available. Remote download required.
2022-10-25 08:24:31,305 [Worker-4: Deferred Early Start] INFO  o.a.h.c.h.i.c.HttpRequestRetryExec - Recoverable I/O exception (org.apache.hc.core5.http.StreamClosedException) caught when processing request to {tls}->http://proxy-irc.rw.by:3128->https://www.eclipse.org:443
2022-10-26 09:15:03,960 [Worker-3: Loading available Gradle versions] INFO  o.e.b.c.i.u.g.PublishedGradleVersions - Gradle version information cache is not available. Remote download required.
2022-10-26 09:16:09,058 [Worker-4: Deferred Early Start] INFO  o.a.h.c.h.i.c.HttpRequestRetryExec - Recoverable I/O exception (org.apache.hc.core5.http.StreamClosedException) caught when processing request to {tls}->http://proxy-irc.rw.by:3128->https://www.eclipse.org:443
2022-10-28 09:30:02,637 [Worker-2: Loading available Gradle versions] INFO  o.e.b.c.i.u.g.PublishedGradleVersions - Gradle version information cache is not available. Remote download required.
2022-10-28 09:31:08,111 [Worker-0: Deferred Early Start] INFO  o.a.h.c.h.i.c.HttpRequestRetryExec - Recoverable I/O exception (org.apache.hc.core5.http.StreamClosedException) caught when processing request to {tls}->http://proxy-irc.rw.by:3128->https://www.eclipse.org:443
2022-10-31 09:13:39,029 [Worker-5: Loading available Gradle versions] INFO  o.e.b.c.i.u.g.PublishedGradleVersions - Gradle version information cache is not available. Remote download required.
2022-10-31 09:14:44,922 [Worker-4: Deferred Early Start] INFO  o.a.h.c.h.i.c.HttpRequestRetryExec - Recoverable I/O exception (org.apache.hc.core5.http.StreamClosedException) caught when processing request to {tls}->http://proxy-irc.rw.by:3128->https://www.eclipse.org:443
2022-10-31 11:15:52,763 [Worker-5: Loading available Gradle versions] INFO  o.e.b.c.i.u.g.PublishedGradleVersions - Gradle version information cache is not available. Remote download required.
2022-10-31 11:16:58,038 [Worker-4: Deferred Early Start] INFO  o.a.h.c.h.i.c.HttpRequestRetryExec - Recoverable I/O exception (org.apache.hc.core5.http.StreamClosedException) caught when processing request to {tls}->http://proxy-irc.rw.by:3128->https://www.eclipse.org:443
2022-10-31 12:49:00,145 [Worker-2: Loading available Gradle versions] INFO  o.e.b.c.i.u.g.PublishedGradleVersions - Gradle version information cache is not available. Remote download required.
2022-10-31 12:50:05,032 [Worker-4: Deferred Early Start] INFO  o.a.h.c.h.i.c.HttpRequestRetryExec - Recoverable I/O exception (org.apache.hc.core5.http.StreamClosedException) caught when processing request to {tls}->http://proxy-irc.rw.by:3128->https://www.eclipse.org:443
2022-11-01 08:25:48,946 [Worker-4: Loading available Gradle versions] INFO  o.e.b.c.i.u.g.PublishedGradleVersions - Gradle version information cache is not available. Remote download required.
2022-11-01 08:26:54,035 [Worker-7: Deferred Early Start] INFO  o.a.h.c.h.i.c.HttpRequestRetryExec - Recoverable I/O exception (org.apache.hc.core5.http.StreamClosedException) caught when processing request to {tls}->http://proxy-irc.rw.by:3128->https://www.eclipse.org:443
2022-11-01 13:33:16,019 [Worker-2: Loading available Gradle versions] INFO  o.e.b.c.i.u.g.PublishedGradleVersions - Gradle version information cache is not available. Remote download required.
2022-11-01 13:34:22,047 [Worker-1: Deferred Early Start] INFO  o.a.h.c.h.i.c.HttpRequestRetryExec - Recoverable I/O exception (org.apache.hc.core5.http.StreamClosedException) caught when processing request to {tls}->http://proxy-irc.rw.by:3128->https://www.eclipse.org:443
2022-11-01 14:23:58,247 [Worker-2: Loading available Gradle versions] INFO  o.e.b.c.i.u.g.PublishedGradleVersions - Gradle version information cache is not available. Remote download required.
2022-11-01 14:25:04,059 [Worker-4: Deferred Early Start] INFO  o.a.h.c.h.i.c.HttpRequestRetryExec - Recoverable I/O exception (org.apache.hc.core5.http.StreamClosedException) caught when processing request to {tls}->http://proxy-irc.rw.by:3128->https://www.eclipse.org:443
2022-11-01 14:46:47,404 [Worker-2: Loading available Gradle versions] INFO  o.e.b.c.i.u.g.PublishedGradleVersions - Gradle version information cache is not available. Remote download required.
2022-11-01 14:47:53,039 [Worker-9: Deferred Early Start] INFO  o.a.h.c.h.i.c.HttpRequestRetryExec - Recoverable I/O exception (org.apache.hc.core5.http.StreamClosedException) caught when processing request to {tls}->http://proxy-irc.rw.by:3128->https://www.eclipse.org:443
2022-11-01 15:26:27,133 [Worker-2: Loading available Gradle versions] INFO  o.e.b.c.i.u.g.PublishedGradleVersions - Gradle version information cache is not available. Remote download required.
2022-11-01 15:27:32,036 [Worker-9: Deferred Early Start] INFO  o.a.h.c.h.i.c.HttpRequestRetryExec - Recoverable I/O exception (org.apache.hc.core5.http.StreamClosedException) caught when processing request to {tls}->http://proxy-irc.rw.by:3128->https://www.eclipse.org:443
2022-11-01 15:44:01,285 [Worker-0: Loading available Gradle versions] INFO  o.e.b.c.i.u.g.PublishedGradleVersions - Gradle version information cache is not available. Remote download required.
2022-11-01 15:45:07,262 [Worker-1: Deferred Early Start] INFO  o.a.h.c.h.i.c.HttpRequestRetryExec - Recoverable I/O exception (org.apache.hc.core5.http.StreamClosedException) caught when processing request to {tls}->http://proxy-irc.rw.by:3128->https://www.eclipse.org:443
2022-11-01 15:57:08,196 [Worker-1: Loading available Gradle versions] INFO  o.e.b.c.i.u.g.PublishedGradleVersions - Gradle version information cache is not available. Remote download required.
2022-11-01 15:58:13,041 [Worker-3: Deferred Early Start] INFO  o.a.h.c.h.i.c.HttpRequestRetryExec - Recoverable I/O exception (org.apache.hc.core5.http.StreamClosedException) caught when processing request to {tls}->http://proxy-irc.rw.by:3128->https://www.eclipse.org:443
2022-11-01 16:08:47,055 [Worker-2: Loading available Gradle versions] INFO  o.e.b.c.i.u.g.PublishedGradleVersions - Gradle version information cache is not available. Remote download required.
2022-11-01 16:09:52,077 [Worker-6: Deferred Early Start] INFO  o.a.h.c.h.i.c.HttpRequestRetryExec - Recoverable I/O exception (org.apache.hc.core5.http.StreamClosedException) caught when processing request to {tls}->http://proxy-irc.rw.by:3128->https://www.eclipse.org:443
2022-11-01 16:14:46,575 [Worker-6: Loading available Gradle versions] INFO  o.e.b.c.i.u.g.PublishedGradleVersions - Gradle version information cache is not available. Remote download required.
2022-11-01 16:15:52,127 [Worker-4: Deferred Early Start] INFO  o.a.h.c.h.i.c.HttpRequestRetryExec - Recoverable I/O exception (org.apache.hc.core5.http.StreamClosedException) caught when processing request to {tls}->http://proxy-irc.rw.by:3128->https://www.eclipse.org:443
2022-11-01 16:21:18,912 [Worker-2: Loading available Gradle versions] INFO  o.e.b.c.i.u.g.PublishedGradleVersions - Gradle version information cache is not available. Remote download required.
2022-11-01 16:22:24,061 [Worker-7: Deferred Early Start] INFO  o.a.h.c.h.i.c.HttpRequestRetryExec - Recoverable I/O exception (org.apache.hc.core5.http.StreamClosedException) caught when processing request to {tls}->http://proxy-irc.rw.by:3128->https://www.eclipse.org:443
2022-11-01 16:27:13,109 [Worker-3: Loading available Gradle versions] INFO  o.e.b.c.i.u.g.PublishedGradleVersions - Gradle version information cache is not available. Remote download required.
2022-11-01 16:28:18,042 [Worker-0: Deferred Early Start] INFO  o.a.h.c.h.i.c.HttpRequestRetryExec - Recoverable I/O exception (org.apache.hc.core5.http.StreamClosedException) caught when processing request to {tls}->http://proxy-irc.rw.by:3128->https://www.eclipse.org:443
2022-11-01 16:29:00,787 [Worker-3: Loading available Gradle versions] INFO  o.e.b.c.i.u.g.PublishedGradleVersions - Gradle version information cache is not available. Remote download required.
2022-11-01 16:30:06,046 [Worker-11: Deferred Early Start] INFO  o.a.h.c.h.i.c.HttpRequestRetryExec - Recoverable I/O exception (org.apache.hc.core5.http.StreamClosedException) caught when processing request to {tls}->http://proxy-irc.rw.by:3128->https://www.eclipse.org:443
2022-11-01 16:35:01,421 [Worker-2: Loading available Gradle versions] INFO  o.e.b.c.i.u.g.PublishedGradleVersions - Gradle version information cache is not available. Remote download required.
2022-11-01 16:36:07,122 [Worker-0: Deferred Early Start] INFO  o.a.h.c.h.i.c.HttpRequestRetryExec - Recoverable I/O exception (org.apache.hc.core5.http.StreamClosedException) caught when processing request to {tls}->http://proxy-irc.rw.by:3128->https://www.eclipse.org:443
2022-11-01 16:38:21,322 [Worker-3: Loading available Gradle versions] INFO  o.e.b.c.i.u.g.PublishedGradleVersions - Gradle version information cache is not available. Remote download required.
2022-11-01 16:39:27,032 [Worker-2: Deferred Early Start] INFO  o.a.h.c.h.i.c.HttpRequestRetryExec - Recoverable I/O exception (org.apache.hc.core5.http.StreamClosedException) caught when processing request to {tls}->http://proxy-irc.rw.by:3128->https://www.eclipse.org:443
2022-11-02 08:32:23,820 [Worker-4: Loading available Gradle versions] INFO  o.e.b.c.i.u.g.PublishedGradleVersions - Gradle version information cache is not available. Remote download required.
2022-11-02 08:33:29,180 [Worker-4: Deferred Early Start] INFO  o.a.h.c.h.i.c.HttpRequestRetryExec - Recoverable I/O exception (org.apache.hc.core5.http.StreamClosedException) caught when processing request to {tls}->http://proxy-irc.rw.by:3128->https://www.eclipse.org:443
2022-11-02 08:40:59,389 [Worker-3: Loading available Gradle versions] INFO  o.e.b.c.i.u.g.PublishedGradleVersions - Gradle version information cache is not available. Remote download required.
2022-11-02 08:42:05,038 [Worker-10: Deferred Early Start] INFO  o.a.h.c.h.i.c.HttpRequestRetryExec - Recoverable I/O exception (org.apache.hc.core5.http.StreamClosedException) caught when processing request to {tls}->http://proxy-irc.rw.by:3128->https://www.eclipse.org:443
2022-11-02 09:13:42,502 [Worker-2: Loading available Gradle versions] INFO  o.e.b.c.i.u.g.PublishedGradleVersions - Gradle version information cache is not available. Remote download required.
2022-11-02 09:14:48,131 [Worker-10: Deferred Early Start] INFO  o.a.h.c.h.i.c.HttpRequestRetryExec - Recoverable I/O exception (org.apache.hc.core5.http.StreamClosedException) caught when processing request to {tls}->http://proxy-irc.rw.by:3128->https://www.eclipse.org:443
2022-11-02 09:17:34,725 [Worker-3: Loading available Gradle versions] INFO  o.e.b.c.i.u.g.PublishedGradleVersions - Gradle version information cache is not available. Remote download required.
2022-11-02 09:18:40,021 [Worker-11: Deferred Early Start] INFO  o.a.h.c.h.i.c.HttpRequestRetryExec - Recoverable I/O exception (org.apache.hc.core5.http.StreamClosedException) caught when processing request to {tls}->http://proxy-irc.rw.by:3128->https://www.eclipse.org:443
2022-11-02 09:31:29,802 [Worker-2: Loading available Gradle versions] INFO  o.e.b.c.i.u.g.PublishedGradleVersions - Gradle version information cache is not available. Remote download required.
2022-11-02 09:32:35,111 [Worker-9: Deferred Early Start] INFO  o.a.h.c.h.i.c.HttpRequestRetryExec - Recoverable I/O exception (org.apache.hc.core5.http.StreamClosedException) caught when processing request to {tls}->http://proxy-irc.rw.by:3128->https://www.eclipse.org:443
2022-11-02 09:50:29,400 [Worker-2: Loading available Gradle versions] INFO  o.e.b.c.i.u.g.PublishedGradleVersions - Gradle version information cache is not available. Remote download required.
2022-11-02 09:51:35,103 [Worker-10: Deferred Early Start] INFO  o.a.h.c.h.i.c.HttpRequestRetryExec - Recoverable I/O exception (org.apache.hc.core5.http.StreamClosedException) caught when processing request to {tls}->http://proxy-irc.rw.by:3128->https://www.eclipse.org:443
2022-11-02 09:58:27,320 [Worker-4: Loading available Gradle versions] INFO  o.e.b.c.i.u.g.PublishedGradleVersions - Gradle version information cache is not available. Remote download required.
2022-11-02 09:59:33,022 [Worker-0: Deferred Early Start] INFO  o.a.h.c.h.i.c.HttpRequestRetryExec - Recoverable I/O exception (org.apache.hc.core5.http.StreamClosedException) caught when processing request to {tls}->http://proxy-irc.rw.by:3128->https://www.eclipse.org:443
2022-11-02 10:02:14,896 [Worker-5: Loading available Gradle versions] INFO  o.e.b.c.i.u.g.PublishedGradleVersions - Gradle version information cache is not available. Remote download required.
2022-11-02 10:03:21,024 [Worker-0: Deferred Early Start] INFO  o.a.h.c.h.i.c.HttpRequestRetryExec - Recoverable I/O exception (org.apache.hc.core5.http.StreamClosedException) caught when processing request to {tls}->http://proxy-irc.rw.by:3128->https://www.eclipse.org:443
2022-11-02 10:28:32,877 [Worker-0: Loading available Gradle versions] INFO  o.e.b.c.i.u.g.PublishedGradleVersions - Gradle version information cache is not available. Remote download required.
2022-11-02 10:29:38,033 [Worker-7: Deferred Early Start] INFO  o.a.h.c.h.i.c.HttpRequestRetryExec - Recoverable I/O exception (org.apache.hc.core5.http.StreamClosedException) caught when processing request to {tls}->http://proxy-irc.rw.by:3128->https://www.eclipse.org:443
2022-11-02 10:45:44,762 [Worker-0: Loading available Gradle versions] INFO  o.e.b.c.i.u.g.PublishedGradleVersions - Gradle version information cache is not available. Remote download required.
2022-11-02 10:46:50,040 [Worker-7: Deferred Early Start] INFO  o.a.h.c.h.i.c.HttpRequestRetryExec - Recoverable I/O exception (org.apache.hc.core5.http.StreamClosedException) caught when processing request to {tls}->http://proxy-irc.rw.by:3128->https://www.eclipse.org:443
2022-11-02 11:11:09,997 [Worker-3: Loading available Gradle versions] INFO  o.e.b.c.i.u.g.PublishedGradleVersions - Gradle version information cache is not available. Remote download required.
2022-11-02 11:12:15,066 [Worker-10: Deferred Early Start] INFO  o.a.h.c.h.i.c.HttpRequestRetryExec - Recoverable I/O exception (org.apache.hc.core5.http.StreamClosedException) caught when processing request to {tls}->http://proxy-irc.rw.by:3128->https://www.eclipse.org:443
2022-11-02 11:14:04,730 [Worker-1: Loading available Gradle versions] INFO  o.e.b.c.i.u.g.PublishedGradleVersions - Gradle version information cache is not available. Remote download required.
2022-11-02 11:15:10,106 [Worker-10: Deferred Early Start] INFO  o.a.h.c.h.i.c.HttpRequestRetryExec - Recoverable I/O exception (org.apache.hc.core5.http.StreamClosedException) caught when processing request to {tls}->http://proxy-irc.rw.by:3128->https://www.eclipse.org:443
2022-11-02 11:16:38,532 [Worker-4: Loading available Gradle versions] INFO  o.e.b.c.i.u.g.PublishedGradleVersions - Gradle version information cache is not available. Remote download required.
2022-11-02 11:17:44,046 [Worker-1: Deferred Early Start] INFO  o.a.h.c.h.i.c.HttpRequestRetryExec - Recoverable I/O exception (org.apache.hc.core5.http.StreamClosedException) caught when processing request to {tls}->http://proxy-irc.rw.by:3128->https://www.eclipse.org:443
2022-11-02 11:18:37,360 [Worker-3: Loading available Gradle versions] INFO  o.e.b.c.i.u.g.PublishedGradleVersions - Gradle version information cache is not available. Remote download required.
2022-11-02 11:19:43,141 [Worker-1: Deferred Early Start] INFO  o.a.h.c.h.i.c.HttpRequestRetryExec - Recoverable I/O exception (org.apache.hc.core5.http.StreamClosedException) caught when processing request to {tls}->http://proxy-irc.rw.by:3128->https://www.eclipse.org:443
2022-11-02 11:22:48,643 [Worker-3: Loading available Gradle versions] INFO  o.e.b.c.i.u.g.PublishedGradleVersions - Gradle version information cache is not available. Remote download required.
2022-11-02 11:23:54,032 [Worker-6: Deferred Early Start] INFO  o.a.h.c.h.i.c.HttpRequestRetryExec - Recoverable I/O exception (org.apache.hc.core5.http.StreamClosedException) caught when processing request to {tls}->http://proxy-irc.rw.by:3128->https://www.eclipse.org:443
2022-11-02 11:25:35,827 [Worker-3: Loading available Gradle versions] INFO  o.e.b.c.i.u.g.PublishedGradleVersions - Gradle version information cache is not available. Remote download required.
2022-11-02 11:26:10,150 [Start Help Server] INFO  org.eclipse.jetty.server.Server - jetty-10.0.6; built: 2021-06-29T15:28:56.259Z; git: 37e7731b4b142a882d73974ff3bec78d621bd674; jvm 17.0.2+8
2022-11-02 11:26:10,173 [Start Help Server] INFO  o.e.j.s.s.DefaultSessionIdManager - Session workerName=node0
2022-11-02 11:26:10,204 [Start Help Server] INFO  o.e.j.server.handler.ContextHandler - Started o.e.j.s.ServletContextHandler@14934b22{/help,null,AVAILABLE}
2022-11-02 11:26:10,242 [Start Help Server] INFO  o.e.jetty.server.AbstractConnector - Started ServerConnector@3e1238ea{HTTP/1.1, (http/1.1)}{127.0.0.1:53499}
2022-11-02 11:26:10,254 [Start Help Server] INFO  org.eclipse.jetty.server.Server - Started Server@74cf29e6{STARTING}[10.0.6,sto=0] @45838ms
2022-11-02 11:26:41,090 [Worker-4: Deferred Early Start] INFO  o.a.h.c.h.i.c.HttpRequestRetryExec - Recoverable I/O exception (org.apache.hc.core5.http.StreamClosedException) caught when processing request to {tls}->http://proxy-irc.rw.by:3128->https://www.eclipse.org:443
2022-11-02 11:29:37,945 [Stop Help Server] INFO  org.eclipse.jetty.server.Server - Stopped Server@74cf29e6{STOPPING}[10.0.6,sto=0]
2022-11-02 11:29:37,949 [Stop Help Server] INFO  o.e.jetty.server.AbstractConnector - Stopped ServerConnector@3e1238ea{HTTP/1.1, (http/1.1)}{127.0.0.1:0}
2022-11-02 11:29:37,955 [Stop Help Server] INFO  o.e.j.server.handler.ContextHandler - Stopped o.e.j.s.ServletContextHandler@14934b22{/help,null,STOPPED}
2022-11-02 11:29:49,031 [Worker-4: Loading available Gradle versions] INFO  o.e.b.c.i.u.g.PublishedGradleVersions - Gradle version information cache is not available. Remote download required.
2022-11-02 11:30:54,029 [Worker-2: Deferred Early Start] INFO  o.a.h.c.h.i.c.HttpRequestRetryExec - Recoverable I/O exception (org.apache.hc.core5.http.StreamClosedException) caught when processing request to {tls}->http://proxy-irc.rw.by:3128->https://www.eclipse.org:443
2022-11-02 11:39:21,513 [Worker-1: Loading available Gradle versions] INFO  o.e.b.c.i.u.g.PublishedGradleVersions - Gradle version information cache is not available. Remote download required.
2022-11-02 11:40:27,066 [Worker-11: Deferred Early Start] INFO  o.a.h.c.h.i.c.HttpRequestRetryExec - Recoverable I/O exception (org.apache.hc.core5.http.StreamClosedException) caught when processing request to {tls}->http://proxy-irc.rw.by:3128->https://www.eclipse.org:443
2022-11-02 11:50:24,981 [Worker-1: Loading available Gradle versions] INFO  o.e.b.c.i.u.g.PublishedGradleVersions - Gradle version information cache is not available. Remote download required.
